
running 1 test
0 "src/mpt_circuit/tests/AccountExtensionTwoNibblesInEvenLevel.json"
test mpt_circuit::tests::test_mpt ... FAILED

failures:

failures:
    mpt_circuit::tests::test_mpt

test result: FAILED. 0 passed; 1 failed; 0 ignored; 0 measured; 414 filtered out; finished in 0.25s

